<?xml version="1.0" encoding="UTF-8"?>
<table>
<tr>
  <OneDate>10.08.2020</OneDate>
  <SomeNumbers5>1</SomeNumbers5>
  <SomeTagSingle26> Djibouti</SomeTagSingle26>
</tr>
<tr>
  <OneDate>11.08.2020</OneDate>
  <SomeNumbers5>2</SomeNumbers5>
  <SomeTagSingle26> Dominica</SomeTagSingle26>
</tr>
<tr>
  <OneDate>12.08.2020</OneDate>
  <SomeNumbers5>3</SomeNumbers5>
  <SomeTagSingle26> Dominican Republic</SomeTagSingle26>
</tr>
<tr>
  <OneDate>13.08.2020</OneDate>
  <SomeNumbers5>4</SomeNumbers5>
  <SomeTagSingle26> Ecuador</SomeTagSingle26>
</tr>
<tr>
  <OneDate>14.08.2020</OneDate>
  <SomeNumbers5>5</SomeNumbers5>
  <SomeTagSingle26> Egypt</SomeTagSingle26>
</tr>
<tr>
  <OneDate>15.08.2020</OneDate>
  <SomeNumbers5>1</SomeNumbers5>
  <SomeTagSingle26> El Salvador</SomeTagSingle26>
</tr>
<tr>
  <OneDate>16.08.2020</OneDate>
  <SomeNumbers5>2</SomeNumbers5>
  <SomeTagSingle26> Equatorial Guinea</SomeTagSingle26>
</tr>
<tr>
  <OneDate>17.08.2020</OneDate>
  <SomeNumbers5>3</SomeNumbers5>
  <SomeTagSingle26> Eritrea</SomeTagSingle26>
</tr>
<tr>
  <OneDate>18.08.2020</OneDate>
  <SomeNumbers5>4</SomeNumbers5>
  <SomeTagSingle26> Estonia</SomeTagSingle26>
</tr>
<tr>
  <OneDate>19.08.2021</OneDate>
  <SomeNumbers5>5</SomeNumbers5>
  <SomeTagSingle26> Eswatini</SomeTagSingle26>
</tr>
<tr>
  <OneDate>20.08.2021</OneDate>
  <SomeNumbers5>1</SomeNumbers5>
  <SomeTagSingle26> Ethiopia</SomeTagSingle26>
</tr>
<tr>
  <OneDate>21.08.2021</OneDate>
  <SomeNumbers5>2</SomeNumbers5>
  <SomeTagSingle26> Faroe Islands (Denmark)</SomeTagSingle26>
</tr>
<tr>
  <OneDate>22.08.2021</OneDate>
  <SomeNumbers5>3</SomeNumbers5>
  <SomeTagSingle26> Fiji</SomeTagSingle26>
</tr>
<tr>
  <OneDate>23.08.2021</OneDate>
  <SomeNumbers5>4</SomeNumbers5>
  <SomeTagSingle26> Finland</SomeTagSingle26>
</tr>
<tr>
  <OneDate>24.08.2021</OneDate>
  <SomeNumbers5>5</SomeNumbers5>
  <SomeTagSingle26> France</SomeTagSingle26>
</tr>
<tr>
  <OneDate>25.08.2021</OneDate>
  <SomeNumbers5>1</SomeNumbers5>
  <SomeTagSingle26> French Polynesia</SomeTagSingle26>
</tr>
<tr>
  <OneDate>26.08.2021</OneDate>
  <SomeNumbers5>2</SomeNumbers5>
  <SomeTagSingle26> Gabon</SomeTagSingle26>
</tr>
<tr>
  <OneDate>27.08.2022</OneDate>
  <SomeNumbers5>3</SomeNumbers5>
  <SomeTagSingle26> Gambia</SomeTagSingle26>
</tr>
<tr>
  <OneDate>28.08.2022</OneDate>
  <SomeNumbers5>4</SomeNumbers5>
  <SomeTagSingle26> Georgia</SomeTagSingle26>
</tr>
<tr>
  <OneDate>29.08.2022</OneDate>
  <SomeNumbers5>5</SomeNumbers5>
  <SomeTagSingle26> Germany</SomeTagSingle26>
</tr>
<tr>
  <OneDate>30.08.2022</OneDate>
  <SomeNumbers5>1</SomeNumbers5>
  <SomeTagSingle26> Ghana</SomeTagSingle26>
</tr>
<tr>
  <OneDate>31.08.2022</OneDate>
  <SomeNumbers5>2</SomeNumbers5>
  <SomeTagSingle26> Gibraltar (UK)</SomeTagSingle26>
</tr>
<tr>
  <OneDate>01.09.2022</OneDate>
  <SomeNumbers5>3</SomeNumbers5>
  <SomeTagSingle26> Greece</SomeTagSingle26>
</tr>
<tr>
  <OneDate>02.09.2022</OneDate>
  <SomeNumbers5>4</SomeNumbers5>
  <SomeTagSingle26> Greenland (Denmark)</SomeTagSingle26>
</tr>
<tr>
  <OneDate>03.09.2022</OneDate>
  <SomeNumbers5>5</SomeNumbers5>
  <SomeTagSingle26> Grenada</SomeTagSingle26>
</tr>
<tr>
  <OneDate>04.09.2022</OneDate>
  <SomeNumbers5>1</SomeNumbers5>
  <SomeTagSingle26> Guam</SomeTagSingle26>
</tr>
<tr>
  <OneDate>05.09.2022</OneDate>
  <SomeNumbers5>2</SomeNumbers5>
  <SomeTagSingle26> Guatemala</SomeTagSingle26>
</tr>
</table>